<?xml version="1.0" encoding="UTF-8"?>
<!-- Generated by org.testng.reporters.JUnitReportReporter -->
<testsuite hostname="ULLAS" failures="0" tests="2" name="com.ex.NewTest" time="0.022" errors="0" timestamp="2024-01-04T20:52:34 IST" skipped="0">
  <testcase classname="com.ex.NewTest" name="Test1" time="0.018"/>
  <system-out/>
  <testcase classname="com.ex.NewTest" name="Test2" time="0.004"/>
  <system-out/>
</testsuite> <!-- com.ex.NewTest -->
