<?xml version="1.0" encoding="UTF-8"?>
<!-- Generated by org.testng.reporters.JUnitReportReporter -->
<testsuite hostname="ULLAS" failures="0" tests="2" name="com.ex.Automation" time="12.064" errors="0" timestamp="2024-01-15T15:53:49 IST" skipped="0">
  <testcase classname="com.ex.Automation" name="Launch" time="3.260"/>
  <system-out/>
  <testcase classname="com.ex.Automation" name="f" time="8.804"/>
  <system-out/>
</testsuite> <!-- com.ex.Automation -->
