<?xml version="1.0" encoding="UTF-8"?>
<!-- Generated by org.testng.reporters.JUnitReportReporter -->
<testsuite hostname="ULLAS" failures="0" tests="2" name="com.ex.NewTest" time="0.005" errors="0" timestamp="2024-01-15T11:50:52 IST" skipped="0">
  <testcase classname="com.ex.NewTest" name="Test2" time="0.000"/>
  <system-out/>
  <testcase classname="com.ex.NewTest" name="Test1" time="0.005"/>
  <system-out/>
</testsuite> <!-- com.ex.NewTest -->
