<?xml version="1.0" encoding="UTF-8"?>
<!-- Generated by org.testng.reporters.JUnitReportReporter -->
<testsuite hostname="ULLAS" failures="0" tests="1" name="com.ex.NewTest" time="25.126" errors="0" timestamp="2024-01-05T14:51:03 IST" skipped="0">
  <testcase classname="com.ex.NewTest" name="oracle" time="25.126"/>
  <system-out/>
</testsuite> <!-- com.ex.NewTest -->
